<?xml version="1.0" encoding="UTF-8"?>
<!-- Generated by org.testng.reporters.JUnitReportReporter -->
<testsuite hostname="DESKTOP-JULIO" failures="0" tests="1" name="StepDefinitions.TestRunner.CucumberTestRunner" time="6.507" errors="0" timestamp="2024-03-12T16:42:42 BRT" skipped="0">
  <testcase classname="StepDefinitions.TestRunner.CucumberTestRunner" name="runScenario" time="6.507"/>
</testsuite> <!-- StepDefinitions.TestRunner.CucumberTestRunner -->
