<?xml version="1.0" encoding="UTF-8"?>
<!-- Generated by org.testng.reporters.JUnitReportReporter -->
<testsuite hostname="DESKTOP-JULIO" failures="0" tests="1" name="StepDefinitions.TestRunner.CucumberTestRunner" time="7.656" errors="0" timestamp="2024-02-29T20:36:05 BRT" skipped="0">
  <testcase classname="StepDefinitions.TestRunner.CucumberTestRunner" name="runScenario" time="7.656"/>
</testsuite> <!-- StepDefinitions.TestRunner.CucumberTestRunner -->
